<?xml version="1.0" encoding="UTF-8"?>
<!-- Generated by org.testng.reporters.JUnitReportReporter -->
<testsuite hostname="Sudhakar" failures="0" tests="1" name="testCases.TC001_AccountRegistration" time="11.635" errors="0" timestamp="2024-12-28T11:30:42 IST" skipped="0">
  <testcase classname="testCases.TC001_AccountRegistration" name="Verify_Account_registration" time="11.635"/>
</testsuite> <!-- testCases.TC001_AccountRegistration -->
