<?xml version="1.0" encoding="UTF-8"?>
<!-- Generated by org.testng.reporters.JUnitReportReporter -->
<testsuite hostname="Sudhakar" failures="0" tests="1" name="testCases.TC001_AccountRegistration" time="11.477" errors="0" timestamp="2024-12-30T09:45:35 IST" skipped="0">
  <testcase classname="testCases.TC001_AccountRegistration" name="Verify_Account_registration" time="11.477"/>
</testsuite> <!-- testCases.TC001_AccountRegistration -->
