<?xml version="1.0" encoding="UTF-8"?>
<!-- Generated by org.testng.reporters.JUnitReportReporter -->
<testsuite hostname="Sudhakar" failures="0" tests="1" name="testCases.TC002_LoginPage" time="1.269" errors="0" timestamp="2024-12-30T09:45:35 IST" skipped="0">
  <testcase classname="testCases.TC002_LoginPage" name="verify_login" time="1.269"/>
</testsuite> <!-- testCases.TC002_LoginPage -->
